<?xml version="1.0" encoding="UTF-8"?>
<testsuite xmlns:xsi="http://www.w3.org/2001/XMLSchema-instance" xsi:schemaLocation="https://maven.apache.org/surefire/maven-surefire-plugin/xsd/surefire-test-report.xsd" name="com.test.TestApi" time="1.836" tests="1" errors="0" skipped="0" failures="1">
  <properties>
    <property name="java.runtime.name" value="OpenJDK Runtime Environment"/>
    <property name="java.vm.version" value="11.0.8+10-post-Debian-1deb10u1"/>
    <property name="sun.boot.library.path" value="/usr/lib/jvm/java-11-openjdk-amd64/lib"/>
    <property name="maven.multiModuleProjectDirectory" value="/learning/test_solution/PostmethodTest"/>
    <property name="java.vm.vendor" value="Debian"/>
    <property name="java.vendor.url" value="https://tracker.debian.org/openjdk-11"/>
    <property name="guice.disable.misplaced.annotation.check" value="true"/>
    <property name="path.separator" value=":"/>
    <property name="java.vm.name" value="OpenJDK 64-Bit Server VM"/>
    <property name="sun.os.patch.level" value="unknown"/>
    <property name="user.country" value="US"/>
    <property name="sun.java.launcher" value="SUN_STANDARD"/>
    <property name="java.vm.specification.name" value="Java Virtual Machine Specification"/>
    <property name="user.dir" value="/learning/test_solution/PostmethodTest"/>
    <property name="java.vm.compressedOopsMode" value="Zero based"/>
    <property name="java.runtime.version" value="11.0.8+10-post-Debian-1deb10u1"/>
    <property name="java.awt.graphicsenv" value="sun.awt.X11GraphicsEnvironment"/>
    <property name="os.arch" value="amd64"/>
    <property name="java.io.tmpdir" value="/tmp"/>
    <property name="line.separator" value="&#10;"/>
    <property name="java.vm.specification.vendor" value="Oracle Corporation"/>
    <property name="os.name" value="Linux"/>
    <property name="classworlds.conf" value="/usr/share/maven/bin/m2.conf"/>
    <property name="sun.jnu.encoding" value="UTF-8"/>
    <property name="java.library.path" value="/usr/java/packages/lib:/usr/lib/x86_64-linux-gnu/jni:/lib/x86_64-linux-gnu:/usr/lib/x86_64-linux-gnu:/usr/lib/jni:/lib:/usr/lib"/>
    <property name="maven.conf" value="/usr/share/maven/conf"/>
    <property name="jdk.debug" value="release"/>
    <property name="java.class.version" value="55.0"/>
    <property name="java.specification.name" value="Java Platform API Specification"/>
    <property name="sun.management.compiler" value="HotSpot 64-Bit Tiered Compilers"/>
    <property name="os.version" value="4.19.0-10-amd64"/>
    <property name="library.jansi.path" value="/usr/share/maven/lib/jansi-native"/>
    <property name="user.home" value="/root"/>
    <property name="user.timezone" value="Asia/Dhaka"/>
    <property name="java.awt.printerjob" value="sun.print.PSPrinterJob"/>
    <property name="file.encoding" value="UTF-8"/>
    <property name="java.specification.version" value="11"/>
    <property name="user.name" value="root"/>
    <property name="java.class.path" value="/usr/share/maven/boot/plexus-classworlds-2.x.jar"/>
    <property name="java.vm.specification.version" value="11"/>
    <property name="sun.arch.data.model" value="64"/>
    <property name="sun.java.command" value="org.codehaus.plexus.classworlds.launcher.Launcher test"/>
    <property name="java.home" value="/usr/lib/jvm/java-11-openjdk-amd64"/>
    <property name="user.language" value="en"/>
    <property name="java.specification.vendor" value="Oracle Corporation"/>
    <property name="awt.toolkit" value="sun.awt.X11.XToolkit"/>
    <property name="java.vm.info" value="mixed mode, sharing"/>
    <property name="java.version" value="11.0.8"/>
    <property name="securerandom.source" value="file:/dev/./urandom"/>
    <property name="java.vendor" value="Debian"/>
    <property name="maven.home" value="/usr/share/maven"/>
    <property name="file.separator" value="/"/>
    <property name="java.version.date" value="2020-07-14"/>
    <property name="java.vendor.url.bug" value="https://bugs.debian.org/openjdk-11"/>
    <property name="sun.io.unicode.encoding" value="UnicodeLittle"/>
    <property name="sun.cpu.endian" value="little"/>
    <property name="sun.cpu.isalist" value=""/>
  </properties>
  <testcase name="unorderedJsontest" classname="com.test.TestApi" time="1.154">
    <failure message="1 expectation failed.&#10;Expected status code &lt;204&gt; but was &lt;400&gt;.&#10;" type="java.lang.AssertionError"><![CDATA[java.lang.AssertionError: 
1 expectation failed.
Expected status code <204> but was <400>.

	at com.test.TestApi.unorderedJsontest(TestApi.java:51)
]]></failure>
    <system-out><![CDATA[{"date":1601316000,"account_id":"0","currency":"euro","ammount":10}
{"statement":[{"date":1601316000,"account_id":"0","currency":"euro","ammount":10}]}
{"date":1599674400,"account_id":"1","currency":"euro","ammount":10}
{"statement":[{"date":1601316000,"account_id":"0","currency":"euro","ammount":10},{"date":1599674400,"account_id":"1","currency":"euro","ammount":10}]}
{"date":1593367200,"account_id":"2","currency":"euro","ammount":10}
{"statement":[{"date":1601316000,"account_id":"0","currency":"euro","ammount":10},{"date":1599674400,"account_id":"1","currency":"euro","ammount":10},{"date":1593367200,"account_id":"2","currency":"euro","ammount":10}]}
{"date":1580407200,"account_id":"3","currency":"euro","ammount":10}
{"statement":[{"date":1601316000,"account_id":"0","currency":"euro","ammount":10},{"date":1599674400,"account_id":"1","currency":"euro","ammount":10},{"date":1593367200,"account_id":"2","currency":"euro","ammount":10},{"date":1580407200,"account_id":"3","currency":"euro","ammount":10}]}
{"date":1581616800,"account_id":"4","currency":"euro","ammount":10}
{"statement":[{"date":1601316000,"account_id":"0","currency":"euro","ammount":10},{"date":1599674400,"account_id":"1","currency":"euro","ammount":10},{"date":1593367200,"account_id":"2","currency":"euro","ammount":10},{"date":1580407200,"account_id":"3","currency":"euro","ammount":10},{"date":1581616800,"account_id":"4","currency":"euro","ammount":10}]}
{"date":1592416800,"account_id":"1","currency":"euro","ammount":10}
{"statement":[{"date":1601316000,"account_id":"0","currency":"euro","ammount":10},{"date":1599674400,"account_id":"1","currency":"euro","ammount":10},{"date":1593367200,"account_id":"2","currency":"euro","ammount":10},{"date":1580407200,"account_id":"3","currency":"euro","ammount":10},{"date":1581616800,"account_id":"4","currency":"euro","ammount":10},{"date":1592416800,"account_id":"1","currency":"euro","ammount":10}]}
{"date":1589565600,"account_id":"6","currency":"euro","ammount":10}
{"statement":[{"date":1601316000,"account_id":"0","currency":"euro","ammount":10},{"date":1599674400,"account_id":"1","currency":"euro","ammount":10},{"date":1593367200,"account_id":"2","currency":"euro","ammount":10},{"date":1580407200,"account_id":"3","currency":"euro","ammount":10},{"date":1581616800,"account_id":"4","currency":"euro","ammount":10},{"date":1592416800,"account_id":"1","currency":"euro","ammount":10},{"date":1589565600,"account_id":"6","currency":"euro","ammount":10}]}
{"date":1585072800,"account_id":"7","currency":"euro","ammount":10}
{"statement":[{"date":1601316000,"account_id":"0","currency":"euro","ammount":10},{"date":1599674400,"account_id":"1","currency":"euro","ammount":10},{"date":1593367200,"account_id":"2","currency":"euro","ammount":10},{"date":1580407200,"account_id":"3","currency":"euro","ammount":10},{"date":1581616800,"account_id":"4","currency":"euro","ammount":10},{"date":1592416800,"account_id":"1","currency":"euro","ammount":10},{"date":1589565600,"account_id":"6","currency":"euro","ammount":10},{"date":1585072800,"account_id":"7","currency":"euro","ammount":10}]}
{"date":1599415200,"account_id":"1","currency":"euro","ammount":10}
{"statement":[{"date":1601316000,"account_id":"0","currency":"euro","ammount":10},{"date":1599674400,"account_id":"1","currency":"euro","ammount":10},{"date":1593367200,"account_id":"2","currency":"euro","ammount":10},{"date":1580407200,"account_id":"3","currency":"euro","ammount":10},{"date":1581616800,"account_id":"4","currency":"euro","ammount":10},{"date":1592416800,"account_id":"1","currency":"euro","ammount":10},{"date":1589565600,"account_id":"6","currency":"euro","ammount":10},{"date":1585072800,"account_id":"7","currency":"euro","ammount":10},{"date":1599415200,"account_id":"1","currency":"euro","ammount":10}]}
{"date":1591207200,"account_id":"9","currency":"euro","ammount":10}
{"statement":[{"date":1601316000,"account_id":"0","currency":"euro","ammount":10},{"date":1599674400,"account_id":"1","currency":"euro","ammount":10},{"date":1593367200,"account_id":"2","currency":"euro","ammount":10},{"date":1580407200,"account_id":"3","currency":"euro","ammount":10},{"date":1581616800,"account_id":"4","currency":"euro","ammount":10},{"date":1592416800,"account_id":"1","currency":"euro","ammount":10},{"date":1589565600,"account_id":"6","currency":"euro","ammount":10},{"date":1585072800,"account_id":"7","currency":"euro","ammount":10},{"date":1599415200,"account_id":"1","currency":"euro","ammount":10},{"date":1591207200,"account_id":"9","currency":"euro","ammount":10}]}
{"date":1599156000,"account_id":"1","currency":"euro","ammount":-30}
{"statement":[{"date":1601316000,"account_id":"0","currency":"euro","ammount":10},{"date":1599674400,"account_id":"1","currency":"euro","ammount":10},{"date":1593367200,"account_id":"2","currency":"euro","ammount":10},{"date":1580407200,"account_id":"3","currency":"euro","ammount":10},{"date":1581616800,"account_id":"4","currency":"euro","ammount":10},{"date":1592416800,"account_id":"1","currency":"euro","ammount":10},{"date":1589565600,"account_id":"6","currency":"euro","ammount":10},{"date":1585072800,"account_id":"7","currency":"euro","ammount":10},{"date":1599415200,"account_id":"1","currency":"euro","ammount":10},{"date":1591207200,"account_id":"9","currency":"euro","ammount":10},{"date":1599156000,"account_id":"1","currency":"euro","ammount":-30}]}
{"date":1585677600,"account_id":"1","currency":"euro","ammount":-30}
{"statement":[{"date":1601316000,"account_id":"0","currency":"euro","ammount":10},{"date":1599674400,"account_id":"1","currency":"euro","ammount":10},{"date":1593367200,"account_id":"2","currency":"euro","ammount":10},{"date":1580407200,"account_id":"3","currency":"euro","ammount":10},{"date":1581616800,"account_id":"4","currency":"euro","ammount":10},{"date":1592416800,"account_id":"1","currency":"euro","ammount":10},{"date":1589565600,"account_id":"6","currency":"euro","ammount":10},{"date":1585072800,"account_id":"7","currency":"euro","ammount":10},{"date":1599415200,"account_id":"1","currency":"euro","ammount":10},{"date":1591207200,"account_id":"9","currency":"euro","ammount":10},{"date":1599156000,"account_id":"1","currency":"euro","ammount":-30},{"date":1585677600,"account_id":"1","currency":"euro","ammount":-30}]}
{"date":1583863200,"account_id":"12","currency":"euro","ammount":10}
{"statement":[{"date":1601316000,"account_id":"0","currency":"euro","ammount":10},{"date":1599674400,"account_id":"1","currency":"euro","ammount":10},{"date":1593367200,"account_id":"2","currency":"euro","ammount":10},{"date":1580407200,"account_id":"3","currency":"euro","ammount":10},{"date":1581616800,"account_id":"4","currency":"euro","ammount":10},{"date":1592416800,"account_id":"1","currency":"euro","ammount":10},{"date":1589565600,"account_id":"6","currency":"euro","ammount":10},{"date":1585072800,"account_id":"7","currency":"euro","ammount":10},{"date":1599415200,"account_id":"1","currency":"euro","ammount":10},{"date":1591207200,"account_id":"9","currency":"euro","ammount":10},{"date":1599156000,"account_id":"1","currency":"euro","ammount":-30},{"date":1585677600,"account_id":"1","currency":"euro","ammount":-30},{"date":1583863200,"account_id":"12","currency":"euro","ammount":10}]}
{"date":1594144800,"account_id":"13","currency":"euro","ammount":10}
{"statement":[{"date":1601316000,"account_id":"0","currency":"euro","ammount":10},{"date":1599674400,"account_id":"1","currency":"euro","ammount":10},{"date":1593367200,"account_id":"2","currency":"euro","ammount":10},{"date":1580407200,"account_id":"3","currency":"euro","ammount":10},{"date":1581616800,"account_id":"4","currency":"euro","ammount":10},{"date":1592416800,"account_id":"1","currency":"euro","ammount":10},{"date":1589565600,"account_id":"6","currency":"euro","ammount":10},{"date":1585072800,"account_id":"7","currency":"euro","ammount":10},{"date":1599415200,"account_id":"1","currency":"euro","ammount":10},{"date":1591207200,"account_id":"9","currency":"euro","ammount":10},{"date":1599156000,"account_id":"1","currency":"euro","ammount":-30},{"date":1585677600,"account_id":"1","currency":"euro","ammount":-30},{"date":1583863200,"account_id":"12","currency":"euro","ammount":10},{"date":1594144800,"account_id":"13","currency":"euro","ammount":10}]}
{"date":1601316000,"account_id":"14","currency":"euro","ammount":10}
{"statement":[{"date":1601316000,"account_id":"0","currency":"euro","ammount":10},{"date":1599674400,"account_id":"1","currency":"euro","ammount":10},{"date":1593367200,"account_id":"2","currency":"euro","ammount":10},{"date":1580407200,"account_id":"3","currency":"euro","ammount":10},{"date":1581616800,"account_id":"4","currency":"euro","ammount":10},{"date":1592416800,"account_id":"1","currency":"euro","ammount":10},{"date":1589565600,"account_id":"6","currency":"euro","ammount":10},{"date":1585072800,"account_id":"7","currency":"euro","ammount":10},{"date":1599415200,"account_id":"1","currency":"euro","ammount":10},{"date":1591207200,"account_id":"9","currency":"euro","ammount":10},{"date":1599156000,"account_id":"1","currency":"euro","ammount":-30},{"date":1585677600,"account_id":"1","currency":"euro","ammount":-30},{"date":1583863200,"account_id":"12","currency":"euro","ammount":10},{"date":1594144800,"account_id":"13","currency":"euro","ammount":10},{"date":1601316000,"account_id":"14","currency":"euro","ammount":10}]}
{"date":1580493600,"account_id":"15","currency":"euro","ammount":10}
{"statement":[{"date":1601316000,"account_id":"0","currency":"euro","ammount":10},{"date":1599674400,"account_id":"1","currency":"euro","ammount":10},{"date":1593367200,"account_id":"2","currency":"euro","ammount":10},{"date":1580407200,"account_id":"3","currency":"euro","ammount":10},{"date":1581616800,"account_id":"4","currency":"euro","ammount":10},{"date":1592416800,"account_id":"1","currency":"euro","ammount":10},{"date":1589565600,"account_id":"6","currency":"euro","ammount":10},{"date":1585072800,"account_id":"7","currency":"euro","ammount":10},{"date":1599415200,"account_id":"1","currency":"euro","ammount":10},{"date":1591207200,"account_id":"9","currency":"euro","ammount":10},{"date":1599156000,"account_id":"1","currency":"euro","ammount":-30},{"date":1585677600,"account_id":"1","currency":"euro","ammount":-30},{"date":1583863200,"account_id":"12","currency":"euro","ammount":10},{"date":1594144800,"account_id":"13","currency":"euro","ammount":10},{"date":1601316000,"account_id":"14","currency":"euro","ammount":10},{"date":1580493600,"account_id":"15","currency":"euro","ammount":10}]}
{"statement":[{"date":1601316000,"account_id":"0","currency":"euro","ammount":10},{"date":1599674400,"account_id":"1","currency":"euro","ammount":10},{"date":1593367200,"account_id":"2","currency":"euro","ammount":10},{"date":1580407200,"account_id":"3","currency":"euro","ammount":10},{"date":1581616800,"account_id":"4","currency":"euro","ammount":10},{"date":1592416800,"account_id":"1","currency":"euro","ammount":10},{"date":1589565600,"account_id":"6","currency":"euro","ammount":10},{"date":1585072800,"account_id":"7","currency":"euro","ammount":10},{"date":1599415200,"account_id":"1","currency":"euro","ammount":10},{"date":1591207200,"account_id":"9","currency":"euro","ammount":10},{"date":1599156000,"account_id":"1","currency":"euro","ammount":-30},{"date":1585677600,"account_id":"1","currency":"euro","ammount":-30},{"date":1583863200,"account_id":"12","currency":"euro","ammount":10},{"date":1594144800,"account_id":"13","currency":"euro","ammount":10},{"date":1601316000,"account_id":"14","currency":"euro","ammount":10},{"date":1580493600,"account_id":"15","currency":"euro","ammount":10}]}
]]></system-out>
  </testcase>
</testsuite>